# Log file for tracking of mingw-get distribution manifests.
#
# $Id$
#
# This file is automatically updated when running `make';
# DO NOT EDIT IT MANUALLY!!!
#
#
# Generated from initial template "../issue.log.in"
# Written by Keith Marshall  <keithmarshall@users.sourceforge.net>
# Copyright (C) 2010, MinGW Project
#
# This is free software.  Permission is granted to copy, modify and
# redistribute this software, under the provisions of the GNU General
# Public License, Version 3, (or, at your option, any later version),
# as published by the Free Software Foundation; see the file COPYING
# for licensing details.
#
# Note, in particular, that this software is provided "as is", in the
# hope that it may prove useful, but WITHOUT WARRANTY OF ANY KIND; not
# even an implied WARRANTY OF MERCHANTABILITY, nor of FITNESS FOR ANY
# PARTICULAR PURPOSE.  Under no circumstances will the author, or the
# MinGW Project, accept liability for any damages, however caused,
# arising from the use of this software.
#
  6c149bb701714b06cba818db2ad055ec9b6bbbe3 2011101400 mingw32-libunistring.xml
  7f7474478d1ca1464d391beb0bd574a48a745315 2011101100 mingw32-pdcurses.xml
  7417c364a3f3cd62c24ac7af0da190be834cc79a 2013091500 mingw32-tcltk.xml
  b211efd2b8cd26d322e60debee15981cc5af7bf7 2013092200 mingw32-xerces-c.xml
#
# $RCSfile$: end of file
