# Log file for tracking of mingw-get distribution manifests.
#
# $Id$
#
# This file is automatically updated when running `make';
# DO NOT EDIT IT MANUALLY!!!
#
#
# Generated from initial template "../issue.log.in"
# Written by Keith Marshall  <keithmarshall@users.sourceforge.net>
# Copyright (C) 2010, MinGW Project
#
# This is free software.  Permission is granted to copy, modify and
# redistribute this software, under the provisions of the GNU General
# Public License, Version 3, (or, at your option, any later version),
# as published by the Free Software Foundation; see the file COPYING
# for licensing details.
#
# Note, in particular, that this software is provided "as is", in the
# hope that it may prove useful, but WITHOUT WARRANTY OF ANY KIND; not
# even an implied WARRANTY OF MERCHANTABILITY, nor of FITNESS FOR ANY
# PARTICULAR PURPOSE.  Under no circumstances will the author, or the
# MinGW Project, accept liability for any damages, however caused,
# arising from the use of this software.
#
  1a121658123724f56b0c82596a679a385615bfbc 2011101100 mingw32-autoconf.xml
  62cd57b834becde75ea37358547a09dd4cb82377 2011101100 mingw32-automake.xml
  e2f730e78dc27254776b672fc007a4bef3dd0f56 2010090601 mingw32-autotools.xml
  9de97172522316bb359227b484cfc9bc4c5b6c5a 2011060500 mingw32-base.xml
  fa31e0d9c348863330a84cb6b976d493b7734209 2011101100 mingw32-basic-bsdtar.xml
  b7931fcdbfc7cb63c21ff97c1ebe195de6bbb2b7 2011101100 mingw32-binutils.xml
  2d70daa65cfe81eb71ac6817358b1cb284d6a68f 2011101400 mingw32-bzip2.xml
  9a70ba2be6c8a8e39d0d58b458592dfba348230f 2011101100 mingw32-cygutils.xml
  dac44763209525b04cbaab271524991a9db920d0 2011101100 mingw32-expat.xml
  3df1f38d5924070bb1a51e32fb4e8f9ffd895690 2011101100 mingw32-gcc-tools.xml
  9d1d9deeccee4fb04f2944e3cd5e7b85757308ce 2011050500 mingw32-gcc3.xml
  8bb891214b354f906db82e4b5bf72c6d655562f2 2011091500 mingw32-gcc4.xml
  45978fa489e407f1d15c10b7cdf3e2b62d561ee8 2011102200 mingw32-gdb.xml
  8ba336812b4016c512a3e7239a0948a3a494b6f4 2011101100 mingw32-gendef.xml
  352ff30d7d315b5d5e039ad0abce2ec4019566aa 2011110902 mingw32-gettext.xml
  753225ffa6c00882b8e5aaf0c1be392e75dad30d 2010083100 mingw32-gmp.xml
  0fc48f3538d5fcc3f1e0f74618eba805bc293e8b 2011101100 mingw32-libarchive.xml
  6dcfb028214d55e8bb9e5c3497568e1151040cd3 2011103100 mingw32-libiconv.xml
  9fb60f097832c4b192a13f6c524fe8020f2326e5 2011101100 mingw32-libtool.xml
  aaa310c7d830e7e9eef6738273630dda8e70d674 2011101100 mingw32-make.xml
  d72826fa6526c7253dc7d6c0a5be4846df11a995 2011110600 mingw32-mgwport.xml
  a80ddc9b75352027ec1a8e4f43838133c88fb1d1 2011110600 mingw32-mingw-get.xml
  c22c976533d4437a89af9a11c2bb188506f85952 2011101100 mingw32-mingw-utils.xml
  397021010754b50cdbbe5d5003b1f6217158ec8e 2010083100 mingw32-mpc.xml
  c35e6513fa814743400729714413bd749ff148ef 2010083100 mingw32-mpfr.xml
  ce8330eee748d725ad00be146166e753e9ce9d12 2011110100 mingw32-package-list.xml
  f04e64fef62d2dac423b664b3d502ef36e34074c 2011101100 mingw32-pexports.xml
  2dc9b22e0a53267bd4f764100b4d01b740f3aa87 2011101100 mingw32-popt.xml
  9399cb6c2efd8fd907c42a278a6f41bbde9e440c 2011091400 mingw32-pthreads-w32.xml
  488d6d4e037b19acdffc6a54c753fa69c21e80f9 2011082300 mingw32-runtime.xml
  a8d4de8b2feefdf9744cff733051e395f72e7b21 2011101400 mingw32-xz.xml
  751a1de122b6aac73f7e32c0404d123e43a9cf19 2011101400 mingw32-zlib.xml
#
# $RCSfile$: end of file
