# Log file for tracking of mingw-get distribution manifests.
#
# $Id$
#
# This file is automatically updated when running `make';
# DO NOT EDIT IT MANUALLY!!!
#
#
# Generated from initial template "../issue.log.in"
# Written by Keith Marshall  <keithmarshall@users.sourceforge.net>
# Copyright (C) 2010, MinGW Project
#
# This is free software.  Permission is granted to copy, modify and
# redistribute this software, under the provisions of the GNU General
# Public License, Version 3, (or, at your option, any later version),
# as published by the Free Software Foundation; see the file COPYING
# for licensing details.
#
# Note, in particular, that this software is provided "as is", in the
# hope that it may prove useful, but WITHOUT WARRANTY OF ANY KIND; not
# even an implied WARRANTY OF MERCHANTABILITY, nor of FITNESS FOR ANY
# PARTICULAR PURPOSE.  Under no circumstances will the author, or the
# MinGW Project, accept liability for any damages, however caused,
# arising from the use of this software.
#
  c6a9068e183254c0b930ac6e1a70fd81743dc212 2016071502 package-list.xml
#
# $RCSfile$: end of file
