# Log file for tracking of mingw-get distribution manifests.
#
# $Id$
#
# This file is automatically updated when running `make';
# DO NOT EDIT IT MANUALLY!!!
#
#
# Generated from initial template "../issue.log.in"
# Written by Keith Marshall  <keithmarshall@users.sourceforge.net>
# Copyright (C) 2010, MinGW Project
#
# This is free software.  Permission is granted to copy, modify and
# redistribute this software, under the provisions of the GNU General
# Public License, Version 3, (or, at your option, any later version),
# as published by the Free Software Foundation; see the file COPYING
# for licensing details.
#
# Note, in particular, that this software is provided "as is", in the
# hope that it may prove useful, but WITHOUT WARRANTY OF ANY KIND; not
# even an implied WARRANTY OF MERCHANTABILITY, nor of FITNESS FOR ANY
# PARTICULAR PURPOSE.  Under no circumstances will the author, or the
# MinGW Project, accept liability for any damages, however caused,
# arising from the use of this software.
#
  msys-base.xml:2010072800
  msys-bash.xml:2010071901
  msys-bzip2.xml:2010072800
  msys-coreutils.xml:2010071901
  msys-core.xml:2010072600
  msys-diffutils.xml:2010072800
  msys-gawk.xml:2010072600
  msys-gettext.xml:2010071900
  msys-grep.xml:2010072600
  msys-gzip.xml:2010072800
  msys-less.xml:2010072800
  msys-libiconv.xml:2010071900
  msys-package-list.xml:2010072800
  msys-regex.xml:2010071900
  msys-sed.xml:2010072600
  msys-tar.xml:2010072800
  msys-termcap.xml:2010071900
  msys-xz.xml:2010072800
#
# $RCSfile$: end of file
